<?xml version="1.0" encoding="UTF-8"?>
<testsuite name="InvoiceGeneratorTest" tests="1" skipped="0" failures="0" errors="0" timestamp="2022-07-24T12:54:42" hostname="DESKTOP-483DOJV" time="0.038">
  <properties/>
  <testcase name="givenDistanceAndTime_resultShouldBeTotalFare()" classname="InvoiceGeneratorTest" time="0.038"/>
  <system-out><![CDATA[]]></system-out>
  <system-err><![CDATA[]]></system-err>
</testsuite>
